Determining if the pthread_create exist failed with the following output:
Change Dir: /home/sl/Project/c++/deformabe_conv/cmake-build-debug/CMakeFiles/CMakeTmp

Run Build Command:"/usr/bin/make" "cmTC_5912e/fast"
/usr/bin/make -f CMakeFiles/cmTC_5912e.dir/build.make CMakeFiles/cmTC_5912e.dir/build
make[1]: Entering directory '/home/sl/Project/c++/deformabe_conv/cmake-build-debug/CMakeFiles/CMakeTmp'
Building C object CMakeFiles/cmTC_5912e.dir/CheckSymbolExists.c.o
/usr/bin/cc    -fPIC    -o CMakeFiles/cmTC_5912e.dir/CheckSymbolExists.c.o   -c /home/sl/Project/c++/deformabe_conv/cmake-build-debug/CMakeFiles/CMakeTmp/CheckSymbolExists.c
Linking C executable cmTC_5912e
/home/sl/Application/clion-2017.1.1/bin/cmake/bin/cmake -E cmake_link_script CMakeFiles/cmTC_5912e.dir/link.txt --verbose=1
/usr/bin/cc  -fPIC     CMakeFiles/cmTC_5912e.dir/CheckSymbolExists.c.o  -o cmTC_5912e 
CMakeFiles/cmTC_5912e.dir/CheckSymbolExists.c.o: In function `main':
CheckSymbolExists.c:(.text+0x1b): undefined reference to `pthread_create'
collect2: error: ld returned 1 exit status
CMakeFiles/cmTC_5912e.dir/build.make:97: recipe for target 'cmTC_5912e' failed
make[1]: *** [cmTC_5912e] Error 1
make[1]: Leaving directory '/home/sl/Project/c++/deformabe_conv/cmake-build-debug/CMakeFiles/CMakeTmp'
Makefile:126: recipe for target 'cmTC_5912e/fast' failed
make: *** [cmTC_5912e/fast] Error 2

File /home/sl/Project/c++/deformabe_conv/cmake-build-debug/CMakeFiles/CMakeTmp/CheckSymbolExists.c:
/* */
#include <pthread.h>

int main(int argc, char** argv)
{
  (void)argv;
#ifndef pthread_create
  return ((int*)(&pthread_create))[argc];
#else
  (void)argc;
  return 0;
#endif
}

Determining if the function pthread_create exists in the pthreads failed with the following output:
Change Dir: /home/sl/Project/c++/deformabe_conv/cmake-build-debug/CMakeFiles/CMakeTmp

Run Build Command:"/usr/bin/make" "cmTC_a8b1c/fast"
/usr/bin/make -f CMakeFiles/cmTC_a8b1c.dir/build.make CMakeFiles/cmTC_a8b1c.dir/build
make[1]: Entering directory '/home/sl/Project/c++/deformabe_conv/cmake-build-debug/CMakeFiles/CMakeTmp'
Building C object CMakeFiles/cmTC_a8b1c.dir/CheckFunctionExists.c.o
/usr/bin/cc    -fPIC -DCHECK_FUNCTION_EXISTS=pthread_create   -o CMakeFiles/cmTC_a8b1c.dir/CheckFunctionExists.c.o   -c /home/sl/Application/clion-2017.1.1/bin/cmake/share/cmake-3.7/Modules/CheckFunctionExists.c
Linking C executable cmTC_a8b1c
/home/sl/Application/clion-2017.1.1/bin/cmake/bin/cmake -E cmake_link_script CMakeFiles/cmTC_a8b1c.dir/link.txt --verbose=1
/usr/bin/cc  -fPIC -DCHECK_FUNCTION_EXISTS=pthread_create    CMakeFiles/cmTC_a8b1c.dir/CheckFunctionExists.c.o  -o cmTC_a8b1c -lpthreads 
/usr/bin/ld: cannot find -lpthreads
collect2: error: ld returned 1 exit status
CMakeFiles/cmTC_a8b1c.dir/build.make:97: recipe for target 'cmTC_a8b1c' failed
make[1]: *** [cmTC_a8b1c] Error 1
make[1]: Leaving directory '/home/sl/Project/c++/deformabe_conv/cmake-build-debug/CMakeFiles/CMakeTmp'
Makefile:126: recipe for target 'cmTC_a8b1c/fast' failed
make: *** [cmTC_a8b1c/fast] Error 2


